[
	{
		"title":"大學與地方政府夥伴協力共工，成為地方政府地方治理的夥伴",
		"content":"南投縣政府與暨大為有效活化既有空間場域與使用價值，增進大學與地方政府治理平台的可能性，共同推動「跨領域橋接創新學苑」，使大學成為地方政府地方治理的夥伴，藉由大學專業教師與高等學術研究能量，提出創新解決方案，進而提升在地人民生活福祉。",
		"IsNCNU":"N",
		"PostDate":"2018-07-16",
		"image":"/images/N0716.jpg"
	},
	{
		"title":"創客達人吳飛宏蒞校漫談智慧農業",
		"content":"FarmBot是運用3D列印技術及open source理念，運用於農業的自動化機器，經由合作與資訊透明化提供大眾共同參與研究、修改而加速發展。暨大電機系於6月28日「智慧農業漫談」講座中，邀請創客達人吳飛宏至暨大科技學院向師生及埔里在地農友介紹臺灣的智慧農業發展現況，及分享自身投入FarmBot研究的經驗。",
		"IsNCNU":"N",
		"PostDate":"2018-07-05",
		"image":"/images/N0705.jpg"
	},
	{
		"title":"微型提案「可可」趣 自主學習經驗寶",
		"content":"為鼓勵暨大同學與在地居民自主性參與社區公共議題，暨大通識中心鼓勵同學自組團隊，關懷在地議題，透過團隊合作之互動與共學化為具體行動，培養公共事務自主學習及參與的知識力與動力，將多元的觀點、專長、創意與熱情轉化為實際行動，協助在地活化及永續性發展。",
		"IsNCNU":"Y",
		"PostDate":"2018-07-02",
		"image":"/images/N0702.jpg"
	},
	{
		"title":"暨大攜手投縣 提出研究觀察與政策建議",
		"content":"為因應高等教育趨勢及未來發展，國立暨南國際大學(以下簡稱暨大)特舉辦「橋接與治理:大學與地方政府夥伴協力」(大地計畫)學術研討會，於29日暨大人文學院舉行。蘇玉龍校長到場勉勵與會人員，期許大學繼續為地方做出貢獻。南投縣觀光處處長王源鍾表示，期待暨大能成為地方政府地方治理的夥伴。",
		"IsNCNU":"Y",
		"PostDate":"2018-06-29",
		"image":"/images/N0629.jpg"
	},
	{
		"title":"暨大教師共學 地方創生見學研討會",
		"content":"本校為因應高等教育趨勢及未來發展，面對臺灣人口老化及鄉村地區人才流失的問題，本月(六月)組成教師地方創生見學訪問團，前往日本的福井、金澤、信州三所大學，實地考察大學如何集結各方資源推行地方創生。暨大參訪團隊教師群也於6月20日在校內舉辦見習經驗分享會，會中由蘇玉龍校長主持，江大樹副校長開場勉勵大家，孫同文副校長、通識教育中心陳彥錚主任等校內師生齊聚一堂，與赴日參訪的教師彼此分享交流，為推動臺灣地方創生貢獻心力。",
		"IsNCNU":"Y",
		"PostDate":"2018-06-23",
		"image":"/images/N0623.jpg"
	},
	{
		"title":"【Science&Technology】暨大應化科研團隊，創造科學新開端",
		"content":"大腦錯綜複雜的神經系統，依靠傳導物質多巴胺(dopamine)催動，影響生物情緒、行為甚至性慾的表現。國立暨南國際大學應用化學系生物醫學碩士班副教授傅在峰，帶領一支跨領域研究團隊，深入研究果蠅大腦，找出影響果蠅性慾的神經元細胞「PPL2ab」，是科學界首次發現特定神經細胞與性活動的關聯。 這項研究對未來用於提升性慾或抑制性慾的醫療需求，能提供新的研究機制，期待暨大的團隊後續將會有更有趣的研究成果。並希望未來能對相關之醫療需求，提供類似的解決機制，創造科學新開端，為人類社會貢獻。",
		"IsNCNU":"Y",
		"PostDate":"2018-07-03",
		"image":"/images/N0703.jpg"
	},
	{
		"title":"「青銀共玩」愛蘭國小學童帶活動陪伴埔基長照機構長輩",
		"content":"近期暨南大學與埔里基督教醫院、愚人之友基金會合作所極力推廣的長照服務，秉持著「創新、互助」的理念，為社區長者們設想與創造一個舒適與和善環境，也媒合社區新世代與長者們進行互動交流，相互分享生活經驗，互相陪伴和學習。期能提升長者們的自信，促進身體和心理的活躍、延緩老化，共建和善社會。",
		"IsNCNU":"N",
		"PostDate":"2018-06-19",
		"image":"/images/N0619-3.jpg"
	},
	{
		"title":"國立暨南國際大學2018第一屆臺緬越國際藝術交流展",
		"content":"在埔里山區的國立暨南國際大學以「深耕水沙連、迎往東南亞」為特色辦學著稱，今年首次在該校圖書館舉辦國際性藝術交流活動「2018第一屆臺緬越國際藝術交流展──際．遇」，為期一個月。該展覽由台灣藝術家張家銘策展，開幕活動於5月16日在該校圖書館舉行，來自台灣、緬甸和越南13位藝術家聯袂出席，60餘件藝術作品同台交流，讓人驚艷不已。",
		"IsNCNU":"Y",
		"PostDate":"2018-05-31",
		"image":"/images/N0531.jpg"
	},
	{
		"title":"暨大R立方學堂與駐點咖啡師石祥詠 合作推出「咖啡與烘焙─在地小館」系列講座",
		"content":"暨大R立方學堂與駐點咖啡師石祥詠(Walis Neyung)合作，全新推出「咖啡與烘焙─在地小館系列」講座，第一場講座於6月4日晚間登場。此次講座邀請至隱身埔里巷弄鉅鹿咖啡館的經營者，莫宜軒，分享其在家鄉開設咖啡店的心路歷程。",
		"IsNCNU":"Y",
		"PostDate":"2018-06-19",
		"image":"/images/N0619-1.jpg"
	},
	{
		"title":"在地船山故事變立體 暨大師生合演紙偶劇",
		"content":"埔里鎮愛蘭、梅村、鐵山社區俗稱船山，是埔里鎮最早開發的地區，保有史前大瑪璘遺址，也是巴宰族的祖居地，留下許多有趣的傳說。暨南大學大一國文課程同學，在閱讀愛蘭台地故事後，以船山講古為主題，將無某崎、番婆鬼、巴宰故事等在地題材，發揮創意製作紙偶戲、戲劇、廣播劇、影片、桌遊共九組創作，並在埔基長照教學中心與長輩們分享。愛蘭里長陳文富表示，船山文化資產與故事，在師生的演繹中活了起來，讓船山故事被更多人所看到。",
		"IsNCNU":"N",
		"PostDate":"2018-06-19",
		"image":"/images/N0619-2.jpg"
	},
	{
		"title":"埔里第三市場經營一甲子 為友善市場環境推集點",
		"content":"【賴香珊報導】南投縣埔里鎮第三公有市場設置逾一甲子，但長年面臨交通壅塞、空氣品質不佳等問題，當地公所因此與暨大、市場攤商等推動友善市場行動，盼改進市場環境缺失，且達到減塑、減空污，同步具體實踐綠色生活。",
		"IsNCNU":"N",
		"PostDate":"2018-06-13",
		"image":"/images/N0613.jpg"
	}
]